warning: Tag 'PERL_PATH' at line 2126 of file 'xmlinterpreter.doxy' has become obsolete.
         To avoid this warning please remove this line from your configuration file or upgrade it using "doxygen -u"
warning: Tag 'MSCGEN_PATH' at line 2148 of file 'xmlinterpreter.doxy' has become obsolete.
         To avoid this warning please remove this line from your configuration file or upgrade it using "doxygen -u"
warning: doxygen no longer ships with the FreeSans font.
You may want to clear or change DOT_FONTNAME.
Otherwise you run the risk that the wrong font is being used for dot generated graphs.
warning: The selected output language "polish" has not been updated
since release 1.8.2.  As a result some sentences may appear in English.

warning: source res/img is not a readable file or directory... skipping.
/home/bpiech/zamp/etap_2/xmlinterp4config/src/xmlinterp.cpp:207: warning: Unsupported xml/html tag </Lib> found
/home/bpiech/zamp/etap_2/xmlinterp4config/inc/xmlinterp.hh:53: warning: The following parameters of XMLInterp4Config::endElement(const XMLCh *const pURI, const XMLCh *const pLocalName, const XMLCh *const pQName) are not documented:
  parameter 'pURI'
  parameter 'pQName'
/home/bpiech/zamp/etap_2/xmlinterp4config/src/xmlinterp.cpp:255: warning: argument 'Except' of command @param is not found in the argument list of XMLInterp4Config::error(const xercesc::SAXParseException &Exception)
/home/bpiech/zamp/etap_2/xmlinterp4config/inc/xmlinterp.hh:65: warning: The following parameter of XMLInterp4Config::error(const xercesc::SAXParseException &Exception) is not documented:
  parameter 'Exception'
/home/bpiech/zamp/etap_2/xmlinterp4config/inc/xmlinterp.hh:43: warning: The following parameters of XMLInterp4Config::startElement(const XMLCh *const pURI, const XMLCh *const pLocalName, const XMLCh *const pQNname, const xercesc::Attributes &Attrs) are not documented:
  parameter 'pURI'
  parameter 'pQNname'

Nacisnij Q, aby zakonczyc przegladanie
